WARNING: A terminally deprecated method in sun.misc.Unsafe has been called
WARNING: sun.misc.Unsafe::staticFieldBase has been called by com.google.inject.internal.aop.HiddenClassDefiner (file:/D:/apache-maven-3.9.11-bin/apache-maven-3.9.11/lib/guice-5.1.0-classes.jar)
WARNING: Please consider reporting this to the maintainers of class com.google.inject.internal.aop.HiddenClassDefiner
WARNING: sun.misc.Unsafe::staticFieldBase will be removed in a future release
[INFO] Scanning for projects...
[INFO] 
[INFO] -----------------------< com.jobsphere:jobsite >------------------------
[INFO] Building jobsite 0.0.1-SNAPSHOT
[INFO]   from pom.xml
[INFO] --------------------------------[ jar ]---------------------------------
[INFO] 
[INFO] >>> spring-boot:3.5.8:run (default-cli) > test-compile @ jobsite >>>
[INFO] 
[INFO] --- resources:3.3.1:resources (default-resources) @ jobsite ---
[INFO] Copying 1 resource from src\main\resources to target\classes
[INFO] Copying 49 resources from src\main\resources to target\classes
[INFO] 
[INFO] --- compiler:3.14.1:compile (default-compile) @ jobsite ---
[INFO] Recompiling the module because of changed source code.
[INFO] Compiling 182 source files with javac [debug parameters release 21] to target\classes
[INFO] /C:/Users/Hp/Desktop/HireNestBackend/Jobsphere/jobSite/src/main/java/com/jobsphere/jobsite/service/shared/PdfGeneratorService.java: C:\Users\Hp\Desktop\HireNestBackend\Jobsphere\jobSite\src\main\java\com\jobsphere\jobsite\service\shared\PdfGeneratorService.java uses unchecked or unsafe operations.
[INFO] /C:/Users/Hp/Desktop/HireNestBackend/Jobsphere/jobSite/src/main/java/com/jobsphere/jobsite/service/shared/PdfGeneratorService.java: Recompile with -Xlint:unchecked for details.
[INFO] 
[INFO] --- resources:3.3.1:testResources (default-testResources) @ jobsite ---
[INFO] skip non existing resourceDirectory C:\Users\Hp\Desktop\HireNestBackend\Jobsphere\jobSite\src\test\resources
[INFO] 
[INFO] --- compiler:3.14.1:testCompile (default-testCompile) @ jobsite ---
[INFO] Recompiling the module because of changed dependency.
[INFO] Compiling 1 source file with javac [debug parameters release 21] to target\test-classes
[INFO] 
[INFO] <<< spring-boot:3.5.8:run (default-cli) < test-compile @ jobsite <<<
[INFO] 
[INFO] 
[INFO] --- spring-boot:3.5.8:run (default-cli) @ jobsite ---
[INFO] Attaching agents: []
Standard Commons Logging discovery in action with spring-jcl: please remove commons-logging.jar from classpath in order to avoid potential conflicts

  .   ____          _            __ _ _
 /\\ / ___'_ __ _ _(_)_ __  __ _ \ \ \ \
( ( )\___ | '_ | '_| | '_ \/ _` | \ \ \ \
 \\/  ___)| |_)| | | | | || (_| |  ) ) ) )
  '  |____| .__|_| |_|_| |_\__, | / / / /
 =========|_|==============|___/=/_/_/_/

 :: Spring Boot ::                (v3.5.8)

2025-12-23T19:37:27.491+03:00  INFO 25160 --- [jobsite] [           main] c.jobsphere.jobsite.JobSiteApplication   : Starting JobSiteApplication using Java 25 with PID 25160 (C:\Users\Hp\Desktop\HireNestBackend\Jobsphere\jobSite\target\classes started by Hp in C:\Users\Hp\Desktop\HireNestBackend\Jobsphere\jobSite)
2025-12-23T19:37:27.493+03:00  INFO 25160 --- [jobsite] [           main] c.jobsphere.jobsite.JobSiteApplication   : No active profile set, falling back to 1 default profile: "default"
2025-12-23T19:37:28.856+03:00  INFO 25160 --- [jobsite] [           main] .s.d.r.c.RepositoryConfigurationDelegate : Bootstrapping Spring Data JPA repositories in DEFAULT mode.
2025-12-23T19:37:29.018+03:00  INFO 25160 --- [jobsite] [           main] .s.d.r.c.RepositoryConfigurationDelegate : Finished Spring Data repository scanning in 152 ms. Found 25 JPA repository interfaces.
2025-12-23T19:37:29.900+03:00  INFO 25160 --- [jobsite] [           main] o.s.b.w.embedded.tomcat.TomcatWebServer  : Tomcat initialized with port 8080 (http)
2025-12-23T19:37:29.916+03:00  INFO 25160 --- [jobsite] [           main] o.apache.catalina.core.StandardService   : Starting service [Tomcat]
2025-12-23T19:37:29.916+03:00  INFO 25160 --- [jobsite] [           main] o.apache.catalina.core.StandardEngine    : Starting Servlet engine: [Apache Tomcat/10.1.49]
2025-12-23T19:37:29.995+03:00  INFO 25160 --- [jobsite] [           main] o.a.c.c.C.[Tomcat].[localhost].[/]       : Initializing Spring embedded WebApplicationContext
2025-12-23T19:37:29.996+03:00  INFO 25160 --- [jobsite] [           main] w.s.c.ServletWebServerApplicationContext : Root WebApplicationContext: initialization completed in 2435 ms
Standard Commons Logging discovery in action with spring-jcl: please remove commons-logging.jar from classpath in order to avoid potential conflicts
2025-12-23T19:37:30.287+03:00  INFO 25160 --- [jobsite] [           main] com.zaxxer.hikari.HikariDataSource       : HikariPool-1 - Starting...
2025-12-23T19:37:30.454+03:00  INFO 25160 --- [jobsite] [           main] com.zaxxer.hikari.pool.HikariPool        : HikariPool-1 - Added connection org.postgresql.jdbc.PgConnection@d62472f
2025-12-23T19:37:30.456+03:00  INFO 25160 --- [jobsite] [           main] com.zaxxer.hikari.HikariDataSource       : HikariPool-1 - Start completed.
2025-12-23T19:37:30.477+03:00  INFO 25160 --- [jobsite] [           main] o.f.c.i.resource.ResourceNameValidator   : 31 SQL migrations were detected but not run because they did not follow the filename convention.
2025-12-23T19:37:30.477+03:00  INFO 25160 --- [jobsite] [           main] o.f.c.i.resource.ResourceNameValidator   : Set 'validateMigrationNaming' to true to fail fast and see a list of the invalid file names.
2025-12-23T19:37:30.482+03:00  INFO 25160 --- [jobsite] [           main] org.flywaydb.core.FlywayExecutor         : Database: jdbc:postgresql://localhost:5432/jobsite (PostgreSQL 17.6)
2025-12-23T19:37:30.532+03:00  INFO 25160 --- [jobsite] [           main] o.f.core.internal.command.DbValidate     : Successfully validated 5 migrations (execution time 00:00.029s)
2025-12-23T19:37:30.594+03:00  INFO 25160 --- [jobsite] [           main] o.f.core.internal.command.DbMigrate      : Current version of schema "public": 31
2025-12-23T19:37:30.597+03:00  INFO 25160 --- [jobsite] [           main] o.f.core.internal.command.DbMigrate      : Schema "public" is up to date. No migration necessary.
2025-12-23T19:37:30.691+03:00  INFO 25160 --- [jobsite] [           main] o.hibernate.jpa.internal.util.LogHelper  : HHH000204: Processing PersistenceUnitInfo [name: default]
2025-12-23T19:37:30.737+03:00  INFO 25160 --- [jobsite] [           main] org.hibernate.Version                    : HHH000412: Hibernate ORM core version 6.6.36.Final
2025-12-23T19:37:30.768+03:00  INFO 25160 --- [jobsite] [           main] o.h.c.internal.RegionFactoryInitiator    : HHH000026: Second-level cache disabled
2025-12-23T19:37:31.020+03:00  INFO 25160 --- [jobsite] [           main] o.s.o.j.p.SpringPersistenceUnitInfo      : No LoadTimeWeaver setup: ignoring JPA class transformer
2025-12-23T19:37:31.072+03:00  WARN 25160 --- [jobsite] [           main] org.hibernate.orm.deprecation            : HHH90000025: PostgreSQLDialect does not need to be specified explicitly using 'hibernate.dialect' (remove the property setting and it will be selected by default)
2025-12-23T19:37:31.085+03:00  INFO 25160 --- [jobsite] [           main] org.hibernate.orm.connections.pooling    : HHH10001005: Database info:
	Database JDBC URL [Connecting through datasource 'HikariDataSource (HikariPool-1)']
	Database driver: undefined/unknown
	Database version: 17.6
	Autocommit mode: undefined/unknown
	Isolation level: undefined/unknown
	Minimum pool size: undefined/unknown
	Maximum pool size: undefined/unknown
2025-12-23T19:37:32.427+03:00  INFO 25160 --- [jobsite] [           main] o.h.e.t.j.p.i.JtaPlatformInitiator       : HHH000489: No JTA platform available (set 'hibernate.transaction.jta.platform' to enable JTA platform integration)
2025-12-23T19:37:32.668+03:00  INFO 25160 --- [jobsite] [           main] j.LocalContainerEntityManagerFactoryBean : Initialized JPA EntityManagerFactory for persistence unit 'default'
Cloudinary configuration loaded.
2025-12-23T19:37:33.140+03:00  INFO 25160 --- [jobsite] [           main] o.s.d.j.r.query.QueryEnhancerFactory     : Hibernate is in classpath; If applicable, HQL parser will be used.
2025-12-23T19:37:34.717+03:00  INFO 25160 --- [jobsite] [           main] r$InitializeUserDetailsManagerConfigurer : Global AuthenticationManager configured with UserDetailsService bean with name customUserDetailsService
2025-12-23T19:37:35.438+03:00  INFO 25160 --- [jobsite] [           main] o.s.b.w.embedded.tomcat.TomcatWebServer  : Tomcat started on port 8080 (http) with context path '/'
2025-12-23T19:37:35.444+03:00  INFO 25160 --- [jobsite] [           main] c.jobsphere.jobsite.JobSiteApplication   : Started JobSiteApplication in 8.374 seconds (process running for 8.811)
2025-12-23T19:37:53.241+03:00  INFO 25160 --- [jobsite] [nio-8080-exec-1] o.a.c.c.C.[Tomcat].[localhost].[/]       : Initializing Spring DispatcherServlet 'dispatcherServlet'
2025-12-23T19:37:53.241+03:00  INFO 25160 --- [jobsite] [nio-8080-exec-1] o.s.web.servlet.DispatcherServlet        : Initializing Servlet 'dispatcherServlet'
2025-12-23T19:37:53.243+03:00  INFO 25160 --- [jobsite] [nio-8080-exec-1] o.s.web.servlet.DispatcherServlet        : Completed initialization in 2 ms
2025-12-23T19:37:53.450+03:00 DEBUG 25160 --- [jobsite] [nio-8080-exec-2] org.hibernate.SQL                        : select a1_0.id,a1_0.account_locked_until,a1_0.created_at,a1_0.email,a1_0.failed_login_attempts,a1_0.full_name,a1_0.is_active,a1_0.last_login_at,a1_0.must_use_otp,a1_0.password_hash,a1_0.updated_at from admin_users a1_0 where upper(a1_0.email)=upper(?)
Hibernate: select a1_0.id,a1_0.account_locked_until,a1_0.created_at,a1_0.email,a1_0.failed_login_attempts,a1_0.full_name,a1_0.is_active,a1_0.last_login_at,a1_0.must_use_otp,a1_0.password_hash,a1_0.updated_at from admin_users a1_0 where upper(a1_0.email)=upper(?)
2025-12-23T19:37:53.476+03:00 DEBUG 25160 --- [jobsite] [nio-8080-exec-2] org.hibernate.SQL                        : select u1_0.id,u1_0.account_locked_until,u1_0.created_at,u1_0.deleted_at,u1_0.email,u1_0.email_verified,u1_0.failed_login_attempts,u1_0.google_id,u1_0.is_active,u1_0.last_login,u1_0.password_hash,u1_0.updated_at,u1_0.user_type from users u1_0 where upper(u1_0.email)=upper(?)
Hibernate: select u1_0.id,u1_0.account_locked_until,u1_0.created_at,u1_0.deleted_at,u1_0.email,u1_0.email_verified,u1_0.failed_login_attempts,u1_0.google_id,u1_0.is_active,u1_0.last_login,u1_0.password_hash,u1_0.updated_at,u1_0.user_type from users u1_0 where upper(u1_0.email)=upper(?)
2025-12-23T19:37:53.542+03:00 DEBUG 25160 --- [jobsite] [nio-8080-exec-2] org.hibernate.SQL                        : select count(n1_0.id) from notifications n1_0 where n1_0.user_id=? and n1_0.is_read=false
Hibernate: select count(n1_0.id) from notifications n1_0 where n1_0.user_id=? and n1_0.is_read=false
2025-12-23T19:38:38.220+03:00  INFO 25160 --- [jobsite] [ionShutdownHook] o.s.b.w.e.tomcat.GracefulShutdown        : Commencing graceful shutdown. Waiting for active requests to complete
2025-12-23T19:38:38.236+03:00  INFO 25160 --- [jobsite] [tomcat-shutdown] o.s.b.w.e.tomcat.GracefulShutdown        : Graceful shutdown complete
2025-12-23T19:38:38.245+03:00  INFO 25160 --- [jobsite] [ionShutdownHook] j.LocalContainerEntityManagerFactoryBean : Closing JPA EntityManagerFactory for persistence unit 'default'
2025-12-23T19:38:38.247+03:00  INFO 25160 --- [jobsite] [ionShutdownHook] com.zaxxer.hikari.HikariDataSource       : HikariPool-1 - Shutdown initiated...
2025-12-23T19:38:38.249+03:00  INFO 25160 --- [jobsite] [ionShutdownHook] com.zaxxer.hikari.HikariDataSource       : HikariPool-1 - Shutdown completed.
[INFO] ------------------------------------------------------------------------
[INFO] BUILD SUCCESS
[INFO] ------------------------------------------------------------------------
[INFO] Total time:  01:28 min
[INFO] Finished at: 2025-12-23T19:38:38+03:00
[INFO] ------------------------------------------------------------------------
Terminate batch job (Y/N)? 
^CThe syntax of the command is incorrect.
