WARNING: A terminally deprecated method in sun.misc.Unsafe has been called
WARNING: sun.misc.Unsafe::staticFieldBase has been called by com.google.inject.internal.aop.HiddenClassDefiner (file:/D:/apache-maven-3.9.11-bin/apache-maven-3.9.11/lib/guice-5.1.0-classes.jar)
WARNING: Please consider reporting this to the maintainers of class com.google.inject.internal.aop.HiddenClassDefiner
WARNING: sun.misc.Unsafe::staticFieldBase will be removed in a future release
[INFO] Scanning for projects...
[INFO] 
[INFO] -----------------------< com.jobsphere:jobsite >------------------------
[INFO] Building jobsite 0.0.1-SNAPSHOT
[INFO]   from pom.xml
[INFO] --------------------------------[ jar ]---------------------------------
[INFO] 
[INFO] >>> spring-boot:3.5.8:run (default-cli) > test-compile @ jobsite >>>
[INFO] 
[INFO] --- resources:3.3.1:resources (default-resources) @ jobsite ---
[INFO] Copying 1 resource from src\main\resources to target\classes
[INFO] Copying 49 resources from src\main\resources to target\classes
[INFO] 
[INFO] --- compiler:3.14.1:compile (default-compile) @ jobsite ---
[INFO] Nothing to compile - all classes are up to date.
[INFO] 
[INFO] --- resources:3.3.1:testResources (default-testResources) @ jobsite ---
[INFO] skip non existing resourceDirectory C:\Users\Hp\Desktop\HireNestBackend\Jobsphere\jobSite\src\test\resources
[INFO] 
[INFO] --- compiler:3.14.1:testCompile (default-testCompile) @ jobsite ---
[INFO] Nothing to compile - all classes are up to date.
[INFO] 
[INFO] <<< spring-boot:3.5.8:run (default-cli) < test-compile @ jobsite <<<
[INFO] 
[INFO] 
[INFO] --- spring-boot:3.5.8:run (default-cli) @ jobsite ---
[INFO] Attaching agents: []
Standard Commons Logging discovery in action with spring-jcl: please remove commons-logging.jar from classpath in order to avoid potential conflicts

  .   ____          _            __ _ _
 /\\ / ___'_ __ _ _(_)_ __  __ _ \ \ \ \
( ( )\___ | '_ | '_| | '_ \/ _` | \ \ \ \
 \\/  ___)| |_)| | | | | || (_| |  ) ) ) )
  '  |____| .__|_| |_|_| |_\__, | / / / /
 =========|_|==============|___/=/_/_/_/

 :: Spring Boot ::                (v3.5.8)

2025-12-23T19:32:10.871+03:00  INFO 32336 --- [jobsite] [           main] c.jobsphere.jobsite.JobSiteApplication   : Starting JobSiteApplication using Java 25 with PID 32336 (C:\Users\Hp\Desktop\HireNestBackend\Jobsphere\jobSite\target\classes started by Hp in C:\Users\Hp\Desktop\HireNestBackend\Jobsphere\jobSite)
2025-12-23T19:32:10.874+03:00  INFO 32336 --- [jobsite] [           main] c.jobsphere.jobsite.JobSiteApplication   : No active profile set, falling back to 1 default profile: "default"
2025-12-23T19:32:12.364+03:00  INFO 32336 --- [jobsite] [           main] .s.d.r.c.RepositoryConfigurationDelegate : Bootstrapping Spring Data JPA repositories in DEFAULT mode.
2025-12-23T19:32:12.633+03:00  INFO 32336 --- [jobsite] [           main] .s.d.r.c.RepositoryConfigurationDelegate : Finished Spring Data repository scanning in 257 ms. Found 25 JPA repository interfaces.
2025-12-23T19:32:13.690+03:00  INFO 32336 --- [jobsite] [           main] o.s.b.w.embedded.tomcat.TomcatWebServer  : Tomcat initialized with port 8080 (http)
2025-12-23T19:32:13.706+03:00  INFO 32336 --- [jobsite] [           main] o.apache.catalina.core.StandardService   : Starting service [Tomcat]
2025-12-23T19:32:13.707+03:00  INFO 32336 --- [jobsite] [           main] o.apache.catalina.core.StandardEngine    : Starting Servlet engine: [Apache Tomcat/10.1.49]
2025-12-23T19:32:13.810+03:00  INFO 32336 --- [jobsite] [           main] o.a.c.c.C.[Tomcat].[localhost].[/]       : Initializing Spring embedded WebApplicationContext
2025-12-23T19:32:13.812+03:00  INFO 32336 --- [jobsite] [           main] w.s.c.ServletWebServerApplicationContext : Root WebApplicationContext: initialization completed in 2862 ms
Standard Commons Logging discovery in action with spring-jcl: please remove commons-logging.jar from classpath in order to avoid potential conflicts
2025-12-23T19:32:14.152+03:00  INFO 32336 --- [jobsite] [           main] com.zaxxer.hikari.HikariDataSource       : HikariPool-1 - Starting...
2025-12-23T19:32:14.355+03:00  INFO 32336 --- [jobsite] [           main] com.zaxxer.hikari.pool.HikariPool        : HikariPool-1 - Added connection org.postgresql.jdbc.PgConnection@60a01cb
2025-12-23T19:32:14.356+03:00  INFO 32336 --- [jobsite] [           main] com.zaxxer.hikari.HikariDataSource       : HikariPool-1 - Start completed.
2025-12-23T19:32:14.387+03:00  INFO 32336 --- [jobsite] [           main] o.f.c.i.resource.ResourceNameValidator   : 31 SQL migrations were detected but not run because they did not follow the filename convention.
2025-12-23T19:32:14.387+03:00  INFO 32336 --- [jobsite] [           main] o.f.c.i.resource.ResourceNameValidator   : Set 'validateMigrationNaming' to true to fail fast and see a list of the invalid file names.
2025-12-23T19:32:14.394+03:00  INFO 32336 --- [jobsite] [           main] org.flywaydb.core.FlywayExecutor         : Database: jdbc:postgresql://localhost:5432/jobsite (PostgreSQL 17.6)
2025-12-23T19:32:14.483+03:00  INFO 32336 --- [jobsite] [           main] o.f.core.internal.command.DbValidate     : Successfully validated 5 migrations (execution time 00:00.054s)
2025-12-23T19:32:14.550+03:00  INFO 32336 --- [jobsite] [           main] o.f.core.internal.command.DbMigrate      : Current version of schema "public": 27
2025-12-23T19:32:14.574+03:00  INFO 32336 --- [jobsite] [           main] o.f.core.internal.command.DbMigrate      : Migrating schema "public" to version "28 - alter seeker cv about column"
2025-12-23T19:32:14.618+03:00  INFO 32336 --- [jobsite] [           main] o.f.core.internal.command.DbMigrate      : Migrating schema "public" to version "29 - fix job column lengths"
2025-12-23T19:32:14.640+03:00  INFO 32336 --- [jobsite] [           main] o.f.core.internal.command.DbMigrate      : Migrating schema "public" to version "30 - ensure job column lengths"
2025-12-23T19:32:14.657+03:00  INFO 32336 --- [jobsite] [           main] o.f.core.internal.command.DbMigrate      : Migrating schema "public" to version "31 - nuclear fix job column lengths"
2025-12-23T19:32:14.671+03:00  INFO 32336 --- [jobsite] [           main] o.f.core.internal.command.DbMigrate      : Successfully applied 4 migrations to schema "public", now at version v31 (execution time 00:00.040s)
2025-12-23T19:32:14.841+03:00  INFO 32336 --- [jobsite] [           main] o.hibernate.jpa.internal.util.LogHelper  : HHH000204: Processing PersistenceUnitInfo [name: default]
2025-12-23T19:32:14.925+03:00  INFO 32336 --- [jobsite] [           main] org.hibernate.Version                    : HHH000412: Hibernate ORM core version 6.6.36.Final
2025-12-23T19:32:14.976+03:00  INFO 32336 --- [jobsite] [           main] o.h.c.internal.RegionFactoryInitiator    : HHH000026: Second-level cache disabled
2025-12-23T19:32:15.436+03:00  INFO 32336 --- [jobsite] [           main] o.s.o.j.p.SpringPersistenceUnitInfo      : No LoadTimeWeaver setup: ignoring JPA class transformer
2025-12-23T19:32:15.510+03:00  WARN 32336 --- [jobsite] [           main] org.hibernate.orm.deprecation            : HHH90000025: PostgreSQLDialect does not need to be specified explicitly using 'hibernate.dialect' (remove the property setting and it will be selected by default)
2025-12-23T19:32:15.526+03:00  INFO 32336 --- [jobsite] [           main] org.hibernate.orm.connections.pooling    : HHH10001005: Database info:
	Database JDBC URL [Connecting through datasource 'HikariDataSource (HikariPool-1)']
	Database driver: undefined/unknown
	Database version: 17.6
	Autocommit mode: undefined/unknown
	Isolation level: undefined/unknown
	Minimum pool size: undefined/unknown
	Maximum pool size: undefined/unknown
2025-12-23T19:32:17.469+03:00  INFO 32336 --- [jobsite] [           main] o.h.e.t.j.p.i.JtaPlatformInitiator       : HHH000489: No JTA platform available (set 'hibernate.transaction.jta.platform' to enable JTA platform integration)
2025-12-23T19:32:17.774+03:00  INFO 32336 --- [jobsite] [           main] j.LocalContainerEntityManagerFactoryBean : Initialized JPA EntityManagerFactory for persistence unit 'default'
Cloudinary configuration loaded.
2025-12-23T19:32:18.368+03:00  INFO 32336 --- [jobsite] [           main] o.s.d.j.r.query.QueryEnhancerFactory     : Hibernate is in classpath; If applicable, HQL parser will be used.
2025-12-23T19:32:20.516+03:00  INFO 32336 --- [jobsite] [           main] r$InitializeUserDetailsManagerConfigurer : Global AuthenticationManager configured with UserDetailsService bean with name customUserDetailsService
2025-12-23T19:32:21.658+03:00  WARN 32336 --- [jobsite] [           main] ConfigServletWebServerApplicationContext : Exception encountered during context initialization - cancelling refresh attempt: org.springframework.context.ApplicationContextException: Failed to start bean 'webServerStartStop'
2025-12-23T19:32:21.665+03:00  INFO 32336 --- [jobsite] [           main] j.LocalContainerEntityManagerFactoryBean : Closing JPA EntityManagerFactory for persistence unit 'default'
2025-12-23T19:32:21.668+03:00  INFO 32336 --- [jobsite] [           main] com.zaxxer.hikari.HikariDataSource       : HikariPool-1 - Shutdown initiated...
2025-12-23T19:32:21.669+03:00  INFO 32336 --- [jobsite] [           main] com.zaxxer.hikari.HikariDataSource       : HikariPool-1 - Shutdown completed.
2025-12-23T19:32:21.684+03:00  INFO 32336 --- [jobsite] [           main] .s.b.a.l.ConditionEvaluationReportLogger : 

Error starting ApplicationContext. To display the condition evaluation report re-run your application with 'debug' enabled.
2025-12-23T19:32:21.700+03:00 ERROR 32336 --- [jobsite] [           main] o.s.b.d.LoggingFailureAnalysisReporter   : 

***************************
APPLICATION FAILED TO START
***************************

Description:

Web server failed to start. Port 8080 was already in use.

Action:

Identify and stop the process that's listening on port 8080 or configure this application to listen on another port.

[INFO] ------------------------------------------------------------------------
[INFO] BUILD FAILURE
[INFO] ------------------------------------------------------------------------
[INFO] Total time:  16.685 s
[INFO] Finished at: 2025-12-23T19:32:21+03:00
[INFO] ------------------------------------------------------------------------
[ERROR] Failed to execute goal org.springframework.boot:spring-boot-maven-plugin:3.5.8:run (default-cli) on project jobsite: Process terminated with exit code: 1 -> [Help 1]
[ERROR] 
[ERROR] To see the full stack trace of the errors, re-run Maven with the -e switch.
[ERROR] Re-run Maven using the -X switch to enable full debug logging.
[ERROR] 
[ERROR] For more information about the errors and possible solutions, please read the following articles:
[ERROR] [Help 1] http://cwiki.apache.org/confluence/display/MAVEN/MojoExecutionException
